<?xml version="1.0" encoding="UTF-8"?>
<testsuites name="jest tests" tests="1" failures="0" errors="0" time="3.38">
  <testsuite name="undefined" errors="0" failures="0" skipped="0" timestamp="2024-03-15T04:06:52" time="2.6" tests="1">
    <testcase classname=" renders correctly" name=" renders correctly" time="0.869">
    </testcase>
  </testsuite>
</testsuites>